********* QUERY **********
drop schema public cascade;
**************************

DROP SCHEMA
********* QUERY **********
create schema public;
**************************

CREATE SCHEMA
********* QUERY **********
create table public.users(
	id         integer PRIMARY KEY,
	username   varchar(24),
	password   varchar(64),
	email      varchar(32) UNIQUE,
	created_at date,
	updated_at date
);
**************************

CREATE TABLE
********* QUERY **********
create table public.password_resets (
  email       varchar(32),
  token       varchar(256),
  created_at  date
);
**************************

CREATE TABLE
********* QUERY **********
create index password_resets_email on public.password_resets (email);
**************************

CREATE INDEX
********* QUERY **********
create index password_resets_token on public.password_resets (token);
**************************

CREATE INDEX
             List of relations
 Schema |      Name       | Type  |  Owner  
--------+-----------------+-------+---------
 public | password_resets | table | laravel
 public | users           | table | laravel
(2 rows)

                         List of relations
 Schema |         Name          | Type  |  Owner  |      Table      
--------+-----------------------+-------+---------+-----------------
 public | password_resets_email | index | laravel | password_resets
 public | password_resets_token | index | laravel | password_resets
 public | users_email_key       | index | laravel | users
 public | users_pkey            | index | laravel | users
(4 rows)

********* QUERY **********
drop schema public cascade;
**************************

DROP SCHEMA
********* QUERY **********
create schema public;
**************************

CREATE SCHEMA
********* QUERY **********
create table public.users(
	id         integer PRIMARY KEY,
	username   varchar(24),
	password   varchar(64),
	email      varchar(32) UNIQUE,
	created_at date,
	updated_at date
);
**************************

CREATE TABLE
********* QUERY **********
create table public.password_resets (
  email       varchar(32),
  token       varchar(256),
  created_at  date
);
**************************

CREATE TABLE
********* QUERY **********
create index password_resets_email on public.password_resets (email);
**************************

CREATE INDEX
********* QUERY **********
create index password_resets_token on public.password_resets (token);
**************************

CREATE INDEX
             List of relations
 Schema |      Name       | Type  |  Owner  
--------+-----------------+-------+---------
 public | password_resets | table | laravel
 public | users           | table | laravel
(2 rows)

                         List of relations
 Schema |         Name          | Type  |  Owner  |      Table      
--------+-----------------------+-------+---------+-----------------
 public | password_resets_email | index | laravel | password_resets
 public | password_resets_token | index | laravel | password_resets
 public | users_email_key       | index | laravel | users
 public | users_pkey            | index | laravel | users
(4 rows)

